0 verbose cli /usr/local/bin/node /usr/local/bin/npm
1 info using npm@11.11.0
2 info using node@v24.14.1
3 silly config load:file:/usr/local/lib/node_modules/npm/npmrc
4 silly config load:file:/root/backend/.npmrc
5 silly config load:file:/root/.npmrc
6 silly config load:file:/usr/local/etc/npmrc
7 verbose title npm i express cors mongodb
8 verbose argv "i" "express" "cors" "mongodb"
9 verbose logfile logs-max:10 dir:/root/.npm/_logs/2026-04-07T18_37_30_022Z-
10 verbose logfile /root/.npm/_logs/2026-04-07T18_37_30_022Z-debug-0.log
11 silly logfile done cleaning log files
12 silly packumentCache heap:271581184 maxSize:67895296 maxEntrySize:33947648
13 silly idealTree buildDeps
14 silly fetch manifest express@*
15 silly packumentCache full:https://registry.npmjs.org/express cache-miss
16 http fetch GET 200 https://registry.npmjs.org/express 133ms (cache miss)
17 silly packumentCache full:https://registry.npmjs.org/express set size:undefined disposed:false
18 silly fetch manifest cors@*
19 silly packumentCache full:https://registry.npmjs.org/cors cache-miss
20 http fetch GET 200 https://registry.npmjs.org/cors 80ms (cache revalidated)
21 silly packumentCache full:https://registry.npmjs.org/cors set size:77956 disposed:false
22 silly fetch manifest mongodb@*
23 silly packumentCache full:https://registry.npmjs.org/mongodb cache-miss
24 http fetch GET 200 https://registry.npmjs.org/mongodb 101ms (cache miss)
25 silly packumentCache full:https://registry.npmjs.org/mongodb set size:undefined disposed:false
26 silly fetch manifest @aws-sdk/credential-providers@^3.806.0
27 silly packumentCache full:https://registry.npmjs.org/@aws-sdk%2fcredential-providers cache-miss
28 http fetch GET 200 https://registry.npmjs.org/@aws-sdk%2fcredential-providers 79ms (cache miss)
29 silly packumentCache full:https://registry.npmjs.org/@aws-sdk%2fcredential-providers set size:undefined disposed:false
30 silly fetch manifest @mongodb-js/zstd@^7.0.0
31 silly packumentCache full:https://registry.npmjs.org/@mongodb-js%2fzstd cache-miss
32 http fetch GET 200 https://registry.npmjs.org/@mongodb-js%2fzstd 64ms (cache miss)
33 silly packumentCache full:https://registry.npmjs.org/@mongodb-js%2fzstd set size:undefined disposed:false
34 silly fetch manifest gcp-metadata@^7.0.1
35 silly packumentCache full:https://registry.npmjs.org/gcp-metadata cache-miss
36 http fetch GET 200 https://registry.npmjs.org/gcp-metadata 45ms (cache miss)
37 silly packumentCache full:https://registry.npmjs.org/gcp-metadata set size:undefined disposed:false
38 silly fetch manifest kerberos@^7.0.0
39 silly packumentCache full:https://registry.npmjs.org/kerberos cache-miss
40 http fetch GET 200 https://registry.npmjs.org/kerberos 43ms (cache miss)
41 silly packumentCache full:https://registry.npmjs.org/kerberos set size:undefined disposed:false
42 silly fetch manifest mongodb-client-encryption@>=7.0.0 <7.1.0
43 silly packumentCache full:https://registry.npmjs.org/mongodb-client-encryption cache-miss
44 http fetch GET 200 https://registry.npmjs.org/mongodb-client-encryption 39ms (cache miss)
45 silly packumentCache full:https://registry.npmjs.org/mongodb-client-encryption set size:undefined disposed:false
46 silly fetch manifest snappy@^7.3.2
47 silly packumentCache full:https://registry.npmjs.org/snappy cache-miss
48 http fetch GET 200 https://registry.npmjs.org/snappy 39ms (cache miss)
49 silly packumentCache full:https://registry.npmjs.org/snappy set size:undefined disposed:false
50 silly fetch manifest socks@^2.8.6
51 silly packumentCache full:https://registry.npmjs.org/socks cache-miss
52 http fetch GET 200 https://registry.npmjs.org/socks 40ms (cache miss)
53 silly packumentCache full:https://registry.npmjs.org/socks set size:undefined disposed:false
54 silly placeDep ROOT cors@2.8.6 OK for: backend@1.0.0 want: *
55 silly placeDep ROOT express@5.2.1 OK for: backend@1.0.0 want: *
56 silly placeDep ROOT mongodb@7.1.1 OK for: backend@1.0.0 want: *
57 silly fetch manifest object-assign@^4
58 silly packumentCache full:https://registry.npmjs.org/object-assign cache-miss
59 http fetch GET 200 https://registry.npmjs.org/object-assign 33ms (cache revalidated)
60 silly packumentCache full:https://registry.npmjs.org/object-assign set size:28988 disposed:false
61 silly fetch manifest vary@^1
62 silly packumentCache full:https://registry.npmjs.org/vary cache-miss
63 http fetch GET 200 https://registry.npmjs.org/vary 32ms (cache revalidated)
64 silly packumentCache full:https://registry.npmjs.org/vary set size:16018 disposed:false
65 silly fetch manifest qs@^6.14.0
66 silly packumentCache full:https://registry.npmjs.org/qs cache-miss
67 http fetch GET 200 https://registry.npmjs.org/qs 40ms (cache miss)
68 silly packumentCache full:https://registry.npmjs.org/qs set size:undefined disposed:false
69 silly fetch manifest depd@^2.0.0
70 silly packumentCache full:https://registry.npmjs.org/depd cache-miss
71 http fetch GET 200 https://registry.npmjs.org/depd 33ms (cache miss)
72 silly packumentCache full:https://registry.npmjs.org/depd set size:undefined disposed:false
73 silly fetch manifest etag@^1.8.1
74 silly packumentCache full:https://registry.npmjs.org/etag cache-miss
75 http fetch GET 200 https://registry.npmjs.org/etag 30ms (cache miss)
76 silly packumentCache full:https://registry.npmjs.org/etag set size:undefined disposed:false
77 silly fetch manifest once@^1.4.0
78 silly packumentCache full:https://registry.npmjs.org/once cache-miss
79 http fetch GET 200 https://registry.npmjs.org/once 30ms (cache miss)
80 silly packumentCache full:https://registry.npmjs.org/once set size:undefined disposed:false
81 silly fetch manifest send@^1.1.0
82 silly packumentCache full:https://registry.npmjs.org/send cache-miss
83 http fetch GET 200 https://registry.npmjs.org/send 31ms (cache miss)
84 silly packumentCache full:https://registry.npmjs.org/send set size:undefined disposed:false
85 silly fetch manifest vary@^1.1.2
86 silly packumentCache full:https://registry.npmjs.org/vary cache-hit
87 silly fetch manifest debug@^4.4.0
88 silly packumentCache full:https://registry.npmjs.org/debug cache-miss
89 http fetch GET 200 https://registry.npmjs.org/debug 38ms (cache miss)
90 silly packumentCache full:https://registry.npmjs.org/debug set size:undefined disposed:false
91 silly fetch manifest fresh@^2.0.0
92 silly packumentCache full:https://registry.npmjs.org/fresh cache-miss
93 http fetch GET 200 https://registry.npmjs.org/fresh 48ms (cache miss)
94 silly packumentCache full:https://registry.npmjs.org/fresh set size:undefined disposed:false
95 silly fetch manifest cookie@^0.7.1
96 silly packumentCache full:https://registry.npmjs.org/cookie cache-miss
97 http fetch GET 200 https://registry.npmjs.org/cookie 75ms (cache miss)
98 silly packumentCache full:https://registry.npmjs.org/cookie set size:undefined disposed:false
99 silly fetch manifest router@^2.2.0
100 silly packumentCache full:https://registry.npmjs.org/router cache-miss
101 http fetch GET 200 https://registry.npmjs.org/router 32ms (cache miss)
102 silly packumentCache full:https://registry.npmjs.org/router set size:undefined disposed:false
103 silly fetch manifest accepts@^2.0.0
104 silly packumentCache full:https://registry.npmjs.org/accepts cache-miss
105 http fetch GET 200 https://registry.npmjs.org/accepts 31ms (cache miss)
106 silly packumentCache full:https://registry.npmjs.org/accepts set size:undefined disposed:false
107 silly fetch manifest type-is@^2.0.1
108 silly packumentCache full:https://registry.npmjs.org/type-is cache-miss
109 http fetch GET 200 https://registry.npmjs.org/type-is 35ms (cache miss)
110 silly packumentCache full:https://registry.npmjs.org/type-is set size:undefined disposed:false
111 silly fetch manifest parseurl@^1.3.3
112 silly packumentCache full:https://registry.npmjs.org/parseurl cache-miss
113 http fetch GET 200 https://registry.npmjs.org/parseurl 30ms (cache miss)
114 silly packumentCache full:https://registry.npmjs.org/parseurl set size:undefined disposed:false
115 silly fetch manifest statuses@^2.0.1
116 silly packumentCache full:https://registry.npmjs.org/statuses cache-miss
117 http fetch GET 200 https://registry.npmjs.org/statuses 40ms (cache miss)
118 silly packumentCache full:https://registry.npmjs.org/statuses set size:undefined disposed:false
119 silly fetch manifest encodeurl@^2.0.0
120 silly packumentCache full:https://registry.npmjs.org/encodeurl cache-miss
121 http fetch GET 200 https://registry.npmjs.org/encodeurl 28ms (cache miss)
122 silly packumentCache full:https://registry.npmjs.org/encodeurl set size:undefined disposed:false
123 silly fetch manifest mime-types@^3.0.0
124 silly packumentCache full:https://registry.npmjs.org/mime-types cache-miss
125 http fetch GET 200 https://registry.npmjs.org/mime-types 38ms (cache miss)
126 silly packumentCache full:https://registry.npmjs.org/mime-types set size:undefined disposed:false
127 silly fetch manifest proxy-addr@^2.0.7
128 silly packumentCache full:https://registry.npmjs.org/proxy-addr cache-miss
129 http fetch GET 200 https://registry.npmjs.org/proxy-addr 39ms (cache miss)
130 silly packumentCache full:https://registry.npmjs.org/proxy-addr set size:undefined disposed:false
131 silly fetch manifest body-parser@^2.2.1
132 silly packumentCache full:https://registry.npmjs.org/body-parser cache-miss
133 http fetch GET 200 https://registry.npmjs.org/body-parser 30ms (cache miss)
134 silly packumentCache full:https://registry.npmjs.org/body-parser set size:undefined disposed:false
135 silly fetch manifest escape-html@^1.0.3
136 silly packumentCache full:https://registry.npmjs.org/escape-html cache-miss
137 http fetch GET 200 https://registry.npmjs.org/escape-html 30ms (cache miss)
138 silly packumentCache full:https://registry.npmjs.org/escape-html set size:undefined disposed:false
139 silly fetch manifest http-errors@^2.0.0
140 silly packumentCache full:https://registry.npmjs.org/http-errors cache-miss
141 http fetch GET 200 https://registry.npmjs.org/http-errors 33ms (cache miss)
142 silly packumentCache full:https://registry.npmjs.org/http-errors set size:undefined disposed:false
143 silly fetch manifest on-finished@^2.4.1
144 silly packumentCache full:https://registry.npmjs.org/on-finished cache-miss
145 http fetch GET 200 https://registry.npmjs.org/on-finished 33ms (cache miss)
146 silly packumentCache full:https://registry.npmjs.org/on-finished set size:undefined disposed:false
147 silly fetch manifest content-type@^1.0.5
148 silly packumentCache full:https://registry.npmjs.org/content-type cache-miss
149 http fetch GET 200 https://registry.npmjs.org/content-type 37ms (cache miss)
150 silly packumentCache full:https://registry.npmjs.org/content-type set size:undefined disposed:false
151 silly fetch manifest finalhandler@^2.1.0
152 silly packumentCache full:https://registry.npmjs.org/finalhandler cache-miss
153 http fetch GET 200 https://registry.npmjs.org/finalhandler 34ms (cache miss)
154 silly packumentCache full:https://registry.npmjs.org/finalhandler set size:undefined disposed:false
155 silly fetch manifest range-parser@^1.2.1
156 silly packumentCache full:https://registry.npmjs.org/range-parser cache-miss
157 http fetch GET 200 https://registry.npmjs.org/range-parser 40ms (cache miss)
158 silly packumentCache full:https://registry.npmjs.org/range-parser set size:undefined disposed:false
159 silly fetch manifest serve-static@^2.2.0
160 silly packumentCache full:https://registry.npmjs.org/serve-static cache-miss
161 http fetch GET 200 https://registry.npmjs.org/serve-static 38ms (cache miss)
162 silly packumentCache full:https://registry.npmjs.org/serve-static set size:undefined disposed:false
163 silly fetch manifest cookie-signature@^1.2.1
164 silly packumentCache full:https://registry.npmjs.org/cookie-signature cache-miss
165 http fetch GET 200 https://registry.npmjs.org/cookie-signature 34ms (cache miss)
166 silly packumentCache full:https://registry.npmjs.org/cookie-signature set size:undefined disposed:false
167 silly fetch manifest merge-descriptors@^2.0.0
168 silly packumentCache full:https://registry.npmjs.org/merge-descriptors cache-miss
169 http fetch GET 200 https://registry.npmjs.org/merge-descriptors 38ms (cache miss)
170 silly packumentCache full:https://registry.npmjs.org/merge-descriptors set size:undefined disposed:false
171 silly fetch manifest content-disposition@^1.0.0
172 silly packumentCache full:https://registry.npmjs.org/content-disposition cache-miss
173 http fetch GET 200 https://registry.npmjs.org/content-disposition 29ms (cache miss)
174 silly packumentCache full:https://registry.npmjs.org/content-disposition set size:undefined disposed:false
175 silly fetch manifest bson@^7.1.1
176 silly packumentCache full:https://registry.npmjs.org/bson cache-miss
177 http fetch GET 200 https://registry.npmjs.org/bson 39ms (cache miss)
178 silly packumentCache full:https://registry.npmjs.org/bson set size:undefined disposed:false
179 silly fetch manifest @mongodb-js/saslprep@^1.3.0
180 silly packumentCache full:https://registry.npmjs.org/@mongodb-js%2fsaslprep cache-miss
181 http fetch GET 200 https://registry.npmjs.org/@mongodb-js%2fsaslprep 60ms (cache miss)
182 silly packumentCache full:https://registry.npmjs.org/@mongodb-js%2fsaslprep set size:undefined disposed:false
183 silly fetch manifest mongodb-connection-string-url@^7.0.0
184 silly packumentCache full:https://registry.npmjs.org/mongodb-connection-string-url cache-miss
185 http fetch GET 200 https://registry.npmjs.org/mongodb-connection-string-url 84ms (cache miss)
186 silly packumentCache full:https://registry.npmjs.org/mongodb-connection-string-url set size:undefined disposed:false
187 silly placeDep ROOT object-assign@4.1.1 OK for: cors@2.8.6 want: ^4
188 silly placeDep ROOT vary@1.1.2 OK for: cors@2.8.6 want: ^1
189 silly placeDep ROOT accepts@2.0.0 OK for: express@5.2.1 want: ^2.0.0
190 silly placeDep ROOT body-parser@2.2.2 OK for: express@5.2.1 want: ^2.2.1
191 silly placeDep ROOT content-disposition@1.0.1 OK for: express@5.2.1 want: ^1.0.0
192 silly placeDep ROOT content-type@1.0.5 OK for: express@5.2.1 want: ^1.0.5
193 silly placeDep ROOT cookie@0.7.2 OK for: express@5.2.1 want: ^0.7.1
194 silly placeDep ROOT cookie-signature@1.2.2 OK for: express@5.2.1 want: ^1.2.1
195 silly placeDep ROOT debug@4.4.3 OK for: express@5.2.1 want: ^4.4.0
196 silly placeDep ROOT depd@2.0.0 OK for: express@5.2.1 want: ^2.0.0
197 silly placeDep ROOT encodeurl@2.0.0 OK for: express@5.2.1 want: ^2.0.0
198 silly placeDep ROOT escape-html@1.0.3 OK for: express@5.2.1 want: ^1.0.3
199 silly placeDep ROOT etag@1.8.1 OK for: express@5.2.1 want: ^1.8.1
200 silly placeDep ROOT finalhandler@2.1.1 OK for: express@5.2.1 want: ^2.1.0
201 silly placeDep ROOT fresh@2.0.0 OK for: express@5.2.1 want: ^2.0.0
202 silly placeDep ROOT http-errors@2.0.1 OK for: express@5.2.1 want: ^2.0.0
203 silly placeDep ROOT merge-descriptors@2.0.0 OK for: express@5.2.1 want: ^2.0.0
204 silly placeDep ROOT mime-types@3.0.2 OK for: express@5.2.1 want: ^3.0.0
205 silly placeDep ROOT on-finished@2.4.1 OK for: express@5.2.1 want: ^2.4.1
206 silly placeDep ROOT once@1.4.0 OK for: express@5.2.1 want: ^1.4.0
207 silly placeDep ROOT parseurl@1.3.3 OK for: express@5.2.1 want: ^1.3.3
208 silly placeDep ROOT proxy-addr@2.0.7 OK for: express@5.2.1 want: ^2.0.7
209 silly placeDep ROOT qs@6.15.0 OK for: express@5.2.1 want: ^6.14.0
210 silly placeDep ROOT range-parser@1.2.1 OK for: express@5.2.1 want: ^1.2.1
211 silly placeDep ROOT router@2.2.0 OK for: express@5.2.1 want: ^2.2.0
212 silly placeDep ROOT send@1.2.1 OK for: express@5.2.1 want: ^1.1.0
213 silly placeDep ROOT serve-static@2.2.1 OK for: express@5.2.1 want: ^2.2.0
214 silly placeDep ROOT statuses@2.0.2 OK for: express@5.2.1 want: ^2.0.1
215 silly placeDep ROOT type-is@2.0.1 OK for: express@5.2.1 want: ^2.0.1
216 silly fetch manifest negotiator@^1.0.0
217 silly packumentCache full:https://registry.npmjs.org/negotiator cache-miss
218 http fetch GET 200 https://registry.npmjs.org/negotiator 41ms (cache miss)
219 silly packumentCache full:https://registry.npmjs.org/negotiator set size:undefined disposed:false
220 silly fetch manifest bytes@^3.1.2
221 silly packumentCache full:https://registry.npmjs.org/bytes cache-miss
222 http fetch GET 200 https://registry.npmjs.org/bytes 27ms (cache miss)
223 silly packumentCache full:https://registry.npmjs.org/bytes set size:undefined disposed:false
224 silly fetch manifest debug@^4.4.3
225 silly packumentCache full:https://registry.npmjs.org/debug cache-miss
226 http cache https://registry.npmjs.org/debug 6ms (cache hit)
227 silly packumentCache full:https://registry.npmjs.org/debug set size:195840 disposed:false
228 silly fetch manifest iconv-lite@^0.7.0
229 silly packumentCache full:https://registry.npmjs.org/iconv-lite cache-miss
230 http fetch GET 200 https://registry.npmjs.org/iconv-lite 30ms (cache miss)
231 silly packumentCache full:https://registry.npmjs.org/iconv-lite set size:undefined disposed:false
232 silly fetch manifest qs@^6.14.1
233 silly packumentCache full:https://registry.npmjs.org/qs cache-miss
234 http cache https://registry.npmjs.org/qs 6ms (cache hit)
235 silly packumentCache full:https://registry.npmjs.org/qs set size:350258 disposed:false
236 silly fetch manifest raw-body@^3.0.1
237 silly packumentCache full:https://registry.npmjs.org/raw-body cache-miss
238 http fetch GET 200 https://registry.npmjs.org/raw-body 34ms (cache miss)
239 silly packumentCache full:https://registry.npmjs.org/raw-body set size:undefined disposed:false
240 silly fetch manifest ms@^2.1.3
241 silly packumentCache full:https://registry.npmjs.org/ms cache-miss
242 http fetch GET 200 https://registry.npmjs.org/ms 35ms (cache miss)
243 silly packumentCache full:https://registry.npmjs.org/ms set size:undefined disposed:false
244 silly fetch manifest inherits@~2.0.4
245 silly packumentCache full:https://registry.npmjs.org/inherits cache-miss
246 http fetch GET 200 https://registry.npmjs.org/inherits 36ms (cache miss)
247 silly packumentCache full:https://registry.npmjs.org/inherits set size:undefined disposed:false
248 silly fetch manifest setprototypeof@~1.2.0
249 silly packumentCache full:https://registry.npmjs.org/setprototypeof cache-miss
250 http fetch GET 200 https://registry.npmjs.org/setprototypeof 39ms (cache miss)
251 silly packumentCache full:https://registry.npmjs.org/setprototypeof set size:undefined disposed:false
252 silly fetch manifest statuses@~2.0.2
253 silly packumentCache full:https://registry.npmjs.org/statuses cache-miss
254 http cache https://registry.npmjs.org/statuses 5ms (cache hit)
255 silly packumentCache full:https://registry.npmjs.org/statuses set size:37117 disposed:false
256 silly fetch manifest toidentifier@~1.0.1
257 silly packumentCache full:https://registry.npmjs.org/toidentifier cache-miss
258 http fetch GET 200 https://registry.npmjs.org/toidentifier 28ms (cache miss)
259 silly packumentCache full:https://registry.npmjs.org/toidentifier set size:undefined disposed:false
260 silly fetch manifest mime-db@^1.54.0
261 silly packumentCache full:https://registry.npmjs.org/mime-db cache-miss
262 http fetch GET 200 https://registry.npmjs.org/mime-db 31ms (cache miss)
263 silly packumentCache full:https://registry.npmjs.org/mime-db set size:undefined disposed:false
264 silly fetch manifest ee-first@1.1.1
265 silly packumentCache full:https://registry.npmjs.org/ee-first cache-miss
266 http fetch GET 200 https://registry.npmjs.org/ee-first 30ms (cache miss)
267 silly packumentCache full:https://registry.npmjs.org/ee-first set size:undefined disposed:false
268 silly fetch manifest wrappy@1
269 silly packumentCache full:https://registry.npmjs.org/wrappy cache-miss
270 http fetch GET 200 https://registry.npmjs.org/wrappy 30ms (cache miss)
271 silly packumentCache full:https://registry.npmjs.org/wrappy set size:undefined disposed:false
272 silly fetch manifest forwarded@0.2.0
273 silly packumentCache full:https://registry.npmjs.org/forwarded cache-miss
274 http fetch GET 200 https://registry.npmjs.org/forwarded 44ms (cache miss)
275 silly packumentCache full:https://registry.npmjs.org/forwarded set size:undefined disposed:false
276 silly fetch manifest ipaddr.js@1.9.1
277 silly packumentCache full:https://registry.npmjs.org/ipaddr.js cache-miss
278 http fetch GET 200 https://registry.npmjs.org/ipaddr.js 41ms (cache miss)
279 silly packumentCache full:https://registry.npmjs.org/ipaddr.js set size:undefined disposed:false
280 silly fetch manifest side-channel@^1.1.0
281 silly packumentCache full:https://registry.npmjs.org/side-channel cache-miss
282 http fetch GET 200 https://registry.npmjs.org/side-channel 32ms (cache miss)
283 silly packumentCache full:https://registry.npmjs.org/side-channel set size:undefined disposed:false
284 silly fetch manifest is-promise@^4.0.0
285 silly packumentCache full:https://registry.npmjs.org/is-promise cache-miss
286 http fetch GET 200 https://registry.npmjs.org/is-promise 32ms (cache miss)
287 silly packumentCache full:https://registry.npmjs.org/is-promise set size:undefined disposed:false
288 silly fetch manifest path-to-regexp@^8.0.0
289 silly packumentCache full:https://registry.npmjs.org/path-to-regexp cache-miss
290 http fetch GET 200 https://registry.npmjs.org/path-to-regexp 41ms (cache miss)
291 silly packumentCache full:https://registry.npmjs.org/path-to-regexp set size:undefined disposed:false
292 silly fetch manifest statuses@^2.0.2
293 silly packumentCache full:https://registry.npmjs.org/statuses cache-hit
294 silly fetch manifest media-typer@^1.1.0
295 silly packumentCache full:https://registry.npmjs.org/media-typer cache-miss
296 http fetch GET 200 https://registry.npmjs.org/media-typer 28ms (cache miss)
297 silly packumentCache full:https://registry.npmjs.org/media-typer set size:undefined disposed:false
298 silly placeDep ROOT negotiator@1.0.0 OK for: accepts@2.0.0 want: ^1.0.0
299 silly placeDep ROOT bytes@3.1.2 OK for: body-parser@2.2.2 want: ^3.1.2
300 silly placeDep ROOT iconv-lite@0.7.2 OK for: body-parser@2.2.2 want: ^0.7.0
301 silly placeDep ROOT raw-body@3.0.2 OK for: body-parser@2.2.2 want: ^3.0.1
302 silly fetch manifest safer-buffer@>= 2.1.2 < 3.0.0
303 silly packumentCache full:https://registry.npmjs.org/safer-buffer cache-miss
304 http fetch GET 200 https://registry.npmjs.org/safer-buffer 33ms (cache miss)
305 silly packumentCache full:https://registry.npmjs.org/safer-buffer set size:undefined disposed:false
306 silly fetch manifest unpipe@~1.0.0
307 silly packumentCache full:https://registry.npmjs.org/unpipe cache-miss
308 http fetch GET 200 https://registry.npmjs.org/unpipe 29ms (cache miss)
309 silly packumentCache full:https://registry.npmjs.org/unpipe set size:undefined disposed:false
310 silly placeDep ROOT ms@2.1.3 OK for: debug@4.4.3 want: ^2.1.3
311 silly placeDep ROOT inherits@2.0.4 OK for: http-errors@2.0.1 want: ~2.0.4
312 silly placeDep ROOT setprototypeof@1.2.0 OK for: http-errors@2.0.1 want: ~1.2.0
313 silly placeDep ROOT toidentifier@1.0.1 OK for: http-errors@2.0.1 want: ~1.0.1
314 silly placeDep ROOT safer-buffer@2.1.2 OK for: iconv-lite@0.7.2 want: >= 2.1.2 < 3.0.0
315 silly placeDep ROOT mime-db@1.54.0 OK for: mime-types@3.0.2 want: ^1.54.0
316 silly placeDep ROOT @mongodb-js/saslprep@1.4.6 OK for: mongodb@7.1.1 want: ^1.3.0
317 silly placeDep ROOT bson@7.2.0 OK for: mongodb@7.1.1 want: ^7.1.1
318 silly placeDep ROOT mongodb-connection-string-url@7.0.1 OK for: mongodb@7.1.1 want: ^7.0.0
319 silly fetch manifest sparse-bitfield@^3.0.3
320 silly packumentCache full:https://registry.npmjs.org/sparse-bitfield cache-miss
321 http fetch GET 200 https://registry.npmjs.org/sparse-bitfield 39ms (cache miss)
322 silly packumentCache full:https://registry.npmjs.org/sparse-bitfield set size:undefined disposed:false
323 silly fetch manifest whatwg-url@^14.1.0
324 silly packumentCache full:https://registry.npmjs.org/whatwg-url cache-miss
325 http fetch GET 200 https://registry.npmjs.org/whatwg-url 35ms (cache miss)
326 silly packumentCache full:https://registry.npmjs.org/whatwg-url set size:undefined disposed:false
327 silly fetch manifest @types/whatwg-url@^13.0.0
328 silly packumentCache full:https://registry.npmjs.org/@types%2fwhatwg-url cache-miss
329 http fetch GET 200 https://registry.npmjs.org/@types%2fwhatwg-url 38ms (cache miss)
330 silly packumentCache full:https://registry.npmjs.org/@types%2fwhatwg-url set size:undefined disposed:false
331 silly placeDep ROOT sparse-bitfield@3.0.3 OK for: @mongodb-js/saslprep@1.4.6 want: ^3.0.3
332 silly fetch manifest memory-pager@^1.0.2
333 silly packumentCache full:https://registry.npmjs.org/memory-pager cache-miss
334 http fetch GET 200 https://registry.npmjs.org/memory-pager 30ms (cache miss)
335 silly packumentCache full:https://registry.npmjs.org/memory-pager set size:undefined disposed:false
336 silly placeDep ROOT @types/whatwg-url@13.0.0 OK for: mongodb-connection-string-url@7.0.1 want: ^13.0.0
337 silly placeDep ROOT whatwg-url@14.2.0 OK for: mongodb-connection-string-url@7.0.1 want: ^14.1.0
338 silly fetch manifest @types/webidl-conversions@*
339 silly packumentCache full:https://registry.npmjs.org/@types%2fwebidl-conversions cache-miss
340 http fetch GET 200 https://registry.npmjs.org/@types%2fwebidl-conversions 58ms (cache miss)
341 silly packumentCache full:https://registry.npmjs.org/@types%2fwebidl-conversions set size:undefined disposed:false
342 silly fetch manifest tr46@^5.1.0
343 silly packumentCache full:https://registry.npmjs.org/tr46 cache-miss
344 http fetch GET 200 https://registry.npmjs.org/tr46 33ms (cache miss)
345 silly packumentCache full:https://registry.npmjs.org/tr46 set size:undefined disposed:false
346 silly fetch manifest webidl-conversions@^7.0.0
347 silly packumentCache full:https://registry.npmjs.org/webidl-conversions cache-miss
348 http fetch GET 200 https://registry.npmjs.org/webidl-conversions 29ms (cache miss)
349 silly packumentCache full:https://registry.npmjs.org/webidl-conversions set size:undefined disposed:false
350 silly placeDep ROOT @types/webidl-conversions@7.0.3 OK for: @types/whatwg-url@13.0.0 want: *
351 silly placeDep ROOT ee-first@1.1.1 OK for: on-finished@2.4.1 want: 1.1.1
352 silly placeDep ROOT wrappy@1.0.2 OK for: once@1.4.0 want: 1
353 silly placeDep ROOT forwarded@0.2.0 OK for: proxy-addr@2.0.7 want: 0.2.0
354 silly placeDep ROOT ipaddr.js@1.9.1 OK for: proxy-addr@2.0.7 want: 1.9.1
355 silly placeDep ROOT side-channel@1.1.0 OK for: qs@6.15.0 want: ^1.1.0
356 silly fetch manifest es-errors@^1.3.0
357 silly packumentCache full:https://registry.npmjs.org/es-errors cache-miss
358 http fetch GET 200 https://registry.npmjs.org/es-errors 33ms (cache miss)
359 silly packumentCache full:https://registry.npmjs.org/es-errors set size:undefined disposed:false
360 silly fetch manifest object-inspect@^1.13.3
361 silly packumentCache full:https://registry.npmjs.org/object-inspect cache-miss
362 http fetch GET 200 https://registry.npmjs.org/object-inspect 31ms (cache miss)
363 silly packumentCache full:https://registry.npmjs.org/object-inspect set size:undefined disposed:false
364 silly fetch manifest side-channel-list@^1.0.0
365 silly packumentCache full:https://registry.npmjs.org/side-channel-list cache-miss
366 http fetch GET 200 https://registry.npmjs.org/side-channel-list 33ms (cache miss)
367 silly packumentCache full:https://registry.npmjs.org/side-channel-list set size:undefined disposed:false
368 silly fetch manifest side-channel-map@^1.0.1
369 silly packumentCache full:https://registry.npmjs.org/side-channel-map cache-miss
370 http fetch GET 200 https://registry.npmjs.org/side-channel-map 29ms (cache miss)
371 silly packumentCache full:https://registry.npmjs.org/side-channel-map set size:undefined disposed:false
372 silly fetch manifest side-channel-weakmap@^1.0.2
373 silly packumentCache full:https://registry.npmjs.org/side-channel-weakmap cache-miss
374 http fetch GET 200 https://registry.npmjs.org/side-channel-weakmap 27ms (cache miss)
375 silly packumentCache full:https://registry.npmjs.org/side-channel-weakmap set size:undefined disposed:false
376 silly placeDep ROOT unpipe@1.0.0 OK for: raw-body@3.0.2 want: ~1.0.0
377 silly placeDep ROOT is-promise@4.0.0 OK for: router@2.2.0 want: ^4.0.0
378 silly placeDep ROOT path-to-regexp@8.4.2 OK for: router@2.2.0 want: ^8.0.0
379 silly placeDep ROOT es-errors@1.3.0 OK for: side-channel@1.1.0 want: ^1.3.0
380 silly placeDep ROOT object-inspect@1.13.4 OK for: side-channel@1.1.0 want: ^1.13.3
381 silly placeDep ROOT side-channel-list@1.0.0 OK for: side-channel@1.1.0 want: ^1.0.0
382 silly placeDep ROOT side-channel-map@1.0.1 OK for: side-channel@1.1.0 want: ^1.0.1
383 silly placeDep ROOT side-channel-weakmap@1.0.2 OK for: side-channel@1.1.0 want: ^1.0.2
384 silly fetch manifest call-bound@^1.0.2
385 silly packumentCache full:https://registry.npmjs.org/call-bound cache-miss
386 http fetch GET 200 https://registry.npmjs.org/call-bound 31ms (cache miss)
387 silly packumentCache full:https://registry.npmjs.org/call-bound set size:undefined disposed:false
388 silly fetch manifest get-intrinsic@^1.2.5
389 silly packumentCache full:https://registry.npmjs.org/get-intrinsic cache-miss
390 http fetch GET 200 https://registry.npmjs.org/get-intrinsic 29ms (cache miss)
391 silly packumentCache full:https://registry.npmjs.org/get-intrinsic set size:undefined disposed:false
392 silly placeDep ROOT call-bound@1.0.4 OK for: side-channel-map@1.0.1 want: ^1.0.2
393 silly placeDep ROOT get-intrinsic@1.3.0 OK for: side-channel-map@1.0.1 want: ^1.2.5
394 silly fetch manifest call-bind-apply-helpers@^1.0.2
395 silly packumentCache full:https://registry.npmjs.org/call-bind-apply-helpers cache-miss
396 http fetch GET 200 https://registry.npmjs.org/call-bind-apply-helpers 29ms (cache miss)
397 silly packumentCache full:https://registry.npmjs.org/call-bind-apply-helpers set size:undefined disposed:false
398 silly fetch manifest get-intrinsic@^1.3.0
399 silly packumentCache full:https://registry.npmjs.org/get-intrinsic cache-miss
400 http cache https://registry.npmjs.org/get-intrinsic 3ms (cache hit)
401 silly packumentCache full:https://registry.npmjs.org/get-intrinsic set size:60985 disposed:false
402 silly fetch manifest gopd@^1.2.0
403 silly packumentCache full:https://registry.npmjs.org/gopd cache-miss
404 http fetch GET 200 https://registry.npmjs.org/gopd 33ms (cache miss)
405 silly packumentCache full:https://registry.npmjs.org/gopd set size:undefined disposed:false
406 silly fetch manifest hasown@^2.0.2
407 silly packumentCache full:https://registry.npmjs.org/hasown cache-miss
408 http fetch GET 200 https://registry.npmjs.org/hasown 26ms (cache miss)
409 silly packumentCache full:https://registry.npmjs.org/hasown set size:undefined disposed:false
410 silly fetch manifest get-proto@^1.0.1
411 silly packumentCache full:https://registry.npmjs.org/get-proto cache-miss
412 http fetch GET 200 https://registry.npmjs.org/get-proto 27ms (cache miss)
413 silly packumentCache full:https://registry.npmjs.org/get-proto set size:undefined disposed:false
414 silly fetch manifest has-symbols@^1.1.0
415 silly packumentCache full:https://registry.npmjs.org/has-symbols cache-miss
416 http fetch GET 200 https://registry.npmjs.org/has-symbols 27ms (cache miss)
417 silly packumentCache full:https://registry.npmjs.org/has-symbols set size:undefined disposed:false
418 silly fetch manifest function-bind@^1.1.2
419 silly packumentCache full:https://registry.npmjs.org/function-bind cache-miss
420 http fetch GET 200 https://registry.npmjs.org/function-bind 32ms (cache miss)
421 silly packumentCache full:https://registry.npmjs.org/function-bind set size:undefined disposed:false
422 silly fetch manifest es-object-atoms@^1.1.1
423 silly packumentCache full:https://registry.npmjs.org/es-object-atoms cache-miss
424 http fetch GET 200 https://registry.npmjs.org/es-object-atoms 47ms (cache miss)
425 silly packumentCache full:https://registry.npmjs.org/es-object-atoms set size:undefined disposed:false
426 silly fetch manifest math-intrinsics@^1.1.0
427 silly packumentCache full:https://registry.npmjs.org/math-intrinsics cache-miss
428 http fetch GET 200 https://registry.npmjs.org/math-intrinsics 33ms (cache miss)
429 silly packumentCache full:https://registry.npmjs.org/math-intrinsics set size:undefined disposed:false
430 silly fetch manifest es-define-property@^1.0.1
431 silly packumentCache full:https://registry.npmjs.org/es-define-property cache-miss
432 http fetch GET 200 https://registry.npmjs.org/es-define-property 34ms (cache miss)
433 silly packumentCache full:https://registry.npmjs.org/es-define-property set size:undefined disposed:false
434 silly placeDep ROOT call-bind-apply-helpers@1.0.2 OK for: call-bound@1.0.4 want: ^1.0.2
435 silly placeDep ROOT function-bind@1.1.2 OK for: call-bind-apply-helpers@1.0.2 want: ^1.1.2
436 silly placeDep ROOT es-define-property@1.0.1 OK for: get-intrinsic@1.3.0 want: ^1.0.1
437 silly placeDep ROOT es-object-atoms@1.1.1 OK for: get-intrinsic@1.3.0 want: ^1.1.1
438 silly placeDep ROOT get-proto@1.0.1 OK for: get-intrinsic@1.3.0 want: ^1.0.1
439 silly placeDep ROOT gopd@1.2.0 OK for: get-intrinsic@1.3.0 want: ^1.2.0
440 silly placeDep ROOT has-symbols@1.1.0 OK for: get-intrinsic@1.3.0 want: ^1.1.0
441 silly placeDep ROOT hasown@2.0.2 OK for: get-intrinsic@1.3.0 want: ^2.0.2
442 silly placeDep ROOT math-intrinsics@1.1.0 OK for: get-intrinsic@1.3.0 want: ^1.1.0
443 silly fetch manifest dunder-proto@^1.0.1
444 silly packumentCache full:https://registry.npmjs.org/dunder-proto cache-miss
445 http fetch GET 200 https://registry.npmjs.org/dunder-proto 34ms (cache miss)
446 silly packumentCache full:https://registry.npmjs.org/dunder-proto set size:undefined disposed:false
447 silly placeDep ROOT dunder-proto@1.0.1 OK for: get-proto@1.0.1 want: ^1.0.1
448 silly placeDep ROOT memory-pager@1.5.0 OK for: sparse-bitfield@3.0.3 want: ^1.0.2
449 silly placeDep ROOT media-typer@1.1.0 OK for: type-is@2.0.1 want: ^1.1.0
450 silly placeDep ROOT tr46@5.1.1 OK for: whatwg-url@14.2.0 want: ^5.1.0
451 silly placeDep ROOT webidl-conversions@7.0.0 OK for: whatwg-url@14.2.0 want: ^7.0.0
452 silly fetch manifest punycode@^2.3.1
453 silly packumentCache full:https://registry.npmjs.org/punycode cache-miss
454 http fetch GET 200 https://registry.npmjs.org/punycode 28ms (cache miss)
455 silly packumentCache full:https://registry.npmjs.org/punycode set size:undefined disposed:false
456 silly placeDep ROOT punycode@2.3.1 OK for: tr46@5.1.1 want: ^2.3.1
457 silly reify moves {}
458 silly audit bulk request {
458 silly audit   cors: [ '2.8.6' ],
458 silly audit   express: [ '5.2.1' ],
458 silly audit   mongodb: [ '7.1.1' ],
458 silly audit   'object-assign': [ '4.1.1' ],
458 silly audit   vary: [ '1.1.2' ],
458 silly audit   accepts: [ '2.0.0' ],
458 silly audit   'body-parser': [ '2.2.2' ],
458 silly audit   'content-disposition': [ '1.0.1' ],
458 silly audit   'content-type': [ '1.0.5' ],
458 silly audit   cookie: [ '0.7.2' ],
458 silly audit   'cookie-signature': [ '1.2.2' ],
458 silly audit   debug: [ '4.4.3' ],
458 silly audit   depd: [ '2.0.0' ],
458 silly audit   encodeurl: [ '2.0.0' ],
458 silly audit   'escape-html': [ '1.0.3' ],
458 silly audit   etag: [ '1.8.1' ],
458 silly audit   finalhandler: [ '2.1.1' ],
458 silly audit   fresh: [ '2.0.0' ],
458 silly audit   'http-errors': [ '2.0.1' ],
458 silly audit   'merge-descriptors': [ '2.0.0' ],
458 silly audit   'mime-types': [ '3.0.2' ],
458 silly audit   'on-finished': [ '2.4.1' ],
458 silly audit   once: [ '1.4.0' ],
458 silly audit   parseurl: [ '1.3.3' ],
458 silly audit   'proxy-addr': [ '2.0.7' ],
458 silly audit   qs: [ '6.15.0' ],
458 silly audit   'range-parser': [ '1.2.1' ],
458 silly audit   router: [ '2.2.0' ],
458 silly audit   send: [ '1.2.1' ],
458 silly audit   'serve-static': [ '2.2.1' ],
458 silly audit   statuses: [ '2.0.2' ],
458 silly audit   'type-is': [ '2.0.1' ],
458 silly audit   negotiator: [ '1.0.0' ],
458 silly audit   bytes: [ '3.1.2' ],
458 silly audit   'iconv-lite': [ '0.7.2' ],
458 silly audit   'raw-body': [ '3.0.2' ],
458 silly audit   ms: [ '2.1.3' ],
458 silly audit   inherits: [ '2.0.4' ],
458 silly audit   setprototypeof: [ '1.2.0' ],
458 silly audit   toidentifier: [ '1.0.1' ],
458 silly audit   'safer-buffer': [ '2.1.2' ],
458 silly audit   'mime-db': [ '1.54.0' ],
458 silly audit   '@mongodb-js/saslprep': [ '1.4.6' ],
458 silly audit   bson: [ '7.2.0' ],
458 silly audit   'mongodb-connection-string-url': [ '7.0.1' ],
458 silly audit   'sparse-bitfield': [ '3.0.3' ],
458 silly audit   '@types/whatwg-url': [ '13.0.0' ],
458 silly audit   'whatwg-url': [ '14.2.0' ],
458 silly audit   '@types/webidl-conversions': [ '7.0.3' ],
458 silly audit   'ee-first': [ '1.1.1' ],
458 silly audit   wrappy: [ '1.0.2' ],
458 silly audit   forwarded: [ '0.2.0' ],
458 silly audit   'ipaddr.js': [ '1.9.1' ],
458 silly audit   'side-channel': [ '1.1.0' ],
458 silly audit   unpipe: [ '1.0.0' ],
458 silly audit   'is-promise': [ '4.0.0' ],
458 silly audit   'path-to-regexp': [ '8.4.2' ],
458 silly audit   'es-errors': [ '1.3.0' ],
458 silly audit   'object-inspect': [ '1.13.4' ],
458 silly audit   'side-channel-list': [ '1.0.0' ],
458 silly audit   'side-channel-map': [ '1.0.1' ],
458 silly audit   'side-channel-weakmap': [ '1.0.2' ],
458 silly audit   'call-bound': [ '1.0.4' ],
458 silly audit   'get-intrinsic': [ '1.3.0' ],
458 silly audit   'call-bind-apply-helpers': [ '1.0.2' ],
458 silly audit   'function-bind': [ '1.1.2' ],
458 silly audit   'es-define-property': [ '1.0.1' ],
458 silly audit   'es-object-atoms': [ '1.1.1' ],
458 silly audit   'get-proto': [ '1.0.1' ],
458 silly audit   gopd: [ '1.2.0' ],
458 silly audit   'has-symbols': [ '1.1.0' ],
458 silly audit   hasown: [ '2.0.2' ],
458 silly audit   'math-intrinsics': [ '1.1.0' ],
458 silly audit   'dunder-proto': [ '1.0.1' ],
458 silly audit   'memory-pager': [ '1.5.0' ],
458 silly audit   'media-typer': [ '1.1.0' ],
458 silly audit   tr46: [ '5.1.1' ],
458 silly audit   'webidl-conversions': [ '7.0.0' ],
458 silly audit   punycode: [ '2.3.1' ]
458 silly audit }
459 http cache punycode@https://registry.npmjs.org/punycode/-/punycode-2.3.1.tgz 0ms (cache hit)
460 http cache webidl-conversions@https://registry.npmjs.org/webidl-conversions/-/webidl-conversions-7.0.0.tgz 0ms (cache hit)
461 http cache tr46@https://registry.npmjs.org/tr46/-/tr46-5.1.1.tgz 0ms (cache hit)
462 http cache media-typer@https://registry.npmjs.org/media-typer/-/media-typer-1.1.0.tgz 0ms (cache hit)
463 http cache memory-pager@https://registry.npmjs.org/memory-pager/-/memory-pager-1.5.0.tgz 0ms (cache hit)
464 http cache dunder-proto@https://registry.npmjs.org/dunder-proto/-/dunder-proto-1.0.1.tgz 0ms (cache hit)
465 http cache math-intrinsics@https://registry.npmjs.org/math-intrinsics/-/math-intrinsics-1.1.0.tgz 0ms (cache hit)
466 http cache hasown@https://registry.npmjs.org/hasown/-/hasown-2.0.2.tgz 0ms (cache hit)
467 http cache has-symbols@https://registry.npmjs.org/has-symbols/-/has-symbols-1.1.0.tgz 0ms (cache hit)
468 http cache gopd@https://registry.npmjs.org/gopd/-/gopd-1.2.0.tgz 0ms (cache hit)
469 http cache get-proto@https://registry.npmjs.org/get-proto/-/get-proto-1.0.1.tgz 0ms (cache hit)
470 http cache es-define-property@https://registry.npmjs.org/es-define-property/-/es-define-property-1.0.1.tgz 0ms (cache hit)
471 http cache es-object-atoms@https://registry.npmjs.org/es-object-atoms/-/es-object-atoms-1.1.1.tgz 0ms (cache hit)
472 http cache function-bind@https://registry.npmjs.org/function-bind/-/function-bind-1.1.2.tgz 0ms (cache hit)
473 http cache call-bind-apply-helpers@https://registry.npmjs.org/call-bind-apply-helpers/-/call-bind-apply-helpers-1.0.2.tgz 0ms (cache hit)
474 http cache get-intrinsic@https://registry.npmjs.org/get-intrinsic/-/get-intrinsic-1.3.0.tgz 0ms (cache hit)
475 http cache call-bound@https://registry.npmjs.org/call-bound/-/call-bound-1.0.4.tgz 0ms (cache hit)
476 http cache side-channel-weakmap@https://registry.npmjs.org/side-channel-weakmap/-/side-channel-weakmap-1.0.2.tgz 0ms (cache hit)
477 http cache side-channel-map@https://registry.npmjs.org/side-channel-map/-/side-channel-map-1.0.1.tgz 0ms (cache hit)
478 http cache side-channel-list@https://registry.npmjs.org/side-channel-list/-/side-channel-list-1.0.0.tgz 0ms (cache hit)
479 http cache object-inspect@https://registry.npmjs.org/object-inspect/-/object-inspect-1.13.4.tgz 0ms (cache hit)
480 http cache es-errors@https://registry.npmjs.org/es-errors/-/es-errors-1.3.0.tgz 0ms (cache hit)
481 http cache path-to-regexp@https://registry.npmjs.org/path-to-regexp/-/path-to-regexp-8.4.2.tgz 0ms (cache hit)
482 http cache is-promise@https://registry.npmjs.org/is-promise/-/is-promise-4.0.0.tgz 0ms (cache hit)
483 http cache unpipe@https://registry.npmjs.org/unpipe/-/unpipe-1.0.0.tgz 0ms (cache hit)
484 http cache side-channel@https://registry.npmjs.org/side-channel/-/side-channel-1.1.0.tgz 0ms (cache hit)
485 http cache ipaddr.js@https://registry.npmjs.org/ipaddr.js/-/ipaddr.js-1.9.1.tgz 0ms (cache hit)
486 http cache forwarded@https://registry.npmjs.org/forwarded/-/forwarded-0.2.0.tgz 0ms (cache hit)
487 http cache @types/webidl-conversions@https://registry.npmjs.org/@types/webidl-conversions/-/webidl-conversions-7.0.3.tgz 0ms (cache hit)
488 http cache whatwg-url@https://registry.npmjs.org/whatwg-url/-/whatwg-url-14.2.0.tgz 0ms (cache hit)
489 http cache ee-first@https://registry.npmjs.org/ee-first/-/ee-first-1.1.1.tgz 0ms (cache hit)
490 http cache wrappy@https://registry.npmjs.org/wrappy/-/wrappy-1.0.2.tgz 0ms (cache hit)
491 http cache @types/whatwg-url@https://registry.npmjs.org/@types/whatwg-url/-/whatwg-url-13.0.0.tgz 0ms (cache hit)
492 http cache sparse-bitfield@https://registry.npmjs.org/sparse-bitfield/-/sparse-bitfield-3.0.3.tgz 0ms (cache hit)
493 http cache bson@https://registry.npmjs.org/bson/-/bson-7.2.0.tgz 0ms (cache hit)
494 http cache @mongodb-js/saslprep@https://registry.npmjs.org/@mongodb-js/saslprep/-/saslprep-1.4.6.tgz 0ms (cache hit)
495 http cache mongodb-connection-string-url@https://registry.npmjs.org/mongodb-connection-string-url/-/mongodb-connection-string-url-7.0.1.tgz 0ms (cache hit)
496 http cache mime-db@https://registry.npmjs.org/mime-db/-/mime-db-1.54.0.tgz 0ms (cache hit)
497 http cache safer-buffer@https://registry.npmjs.org/safer-buffer/-/safer-buffer-2.1.2.tgz 0ms (cache hit)
498 http cache toidentifier@https://registry.npmjs.org/toidentifier/-/toidentifier-1.0.1.tgz 0ms (cache hit)
499 http cache setprototypeof@https://registry.npmjs.org/setprototypeof/-/setprototypeof-1.2.0.tgz 0ms (cache hit)
500 http cache inherits@https://registry.npmjs.org/inherits/-/inherits-2.0.4.tgz 0ms (cache hit)
501 http cache ms@https://registry.npmjs.org/ms/-/ms-2.1.3.tgz 0ms (cache hit)
502 http cache raw-body@https://registry.npmjs.org/raw-body/-/raw-body-3.0.2.tgz 0ms (cache hit)
503 http cache iconv-lite@https://registry.npmjs.org/iconv-lite/-/iconv-lite-0.7.2.tgz 0ms (cache hit)
504 http cache bytes@https://registry.npmjs.org/bytes/-/bytes-3.1.2.tgz 0ms (cache hit)
505 http cache negotiator@https://registry.npmjs.org/negotiator/-/negotiator-1.0.0.tgz 0ms (cache hit)
506 http cache type-is@https://registry.npmjs.org/type-is/-/type-is-2.0.1.tgz 0ms (cache hit)
507 http cache statuses@https://registry.npmjs.org/statuses/-/statuses-2.0.2.tgz 0ms (cache hit)
508 http cache serve-static@https://registry.npmjs.org/serve-static/-/serve-static-2.2.1.tgz 0ms (cache hit)
509 http cache send@https://registry.npmjs.org/send/-/send-1.2.1.tgz 0ms (cache hit)
510 http cache router@https://registry.npmjs.org/router/-/router-2.2.0.tgz 0ms (cache hit)
511 http cache range-parser@https://registry.npmjs.org/range-parser/-/range-parser-1.2.1.tgz 1ms (cache hit)
512 http cache qs@https://registry.npmjs.org/qs/-/qs-6.15.0.tgz 0ms (cache hit)
513 http cache proxy-addr@https://registry.npmjs.org/proxy-addr/-/proxy-addr-2.0.7.tgz 0ms (cache hit)
514 http cache parseurl@https://registry.npmjs.org/parseurl/-/parseurl-1.3.3.tgz 0ms (cache hit)
515 http cache once@https://registry.npmjs.org/once/-/once-1.4.0.tgz 0ms (cache hit)
516 http cache on-finished@https://registry.npmjs.org/on-finished/-/on-finished-2.4.1.tgz 0ms (cache hit)
517 http cache mime-types@https://registry.npmjs.org/mime-types/-/mime-types-3.0.2.tgz 0ms (cache hit)
518 http cache merge-descriptors@https://registry.npmjs.org/merge-descriptors/-/merge-descriptors-2.0.0.tgz 0ms (cache hit)
519 http cache http-errors@https://registry.npmjs.org/http-errors/-/http-errors-2.0.1.tgz 0ms (cache hit)
520 http cache fresh@https://registry.npmjs.org/fresh/-/fresh-2.0.0.tgz 0ms (cache hit)
521 http cache finalhandler@https://registry.npmjs.org/finalhandler/-/finalhandler-2.1.1.tgz 0ms (cache hit)
522 http cache etag@https://registry.npmjs.org/etag/-/etag-1.8.1.tgz 0ms (cache hit)
523 http cache escape-html@https://registry.npmjs.org/escape-html/-/escape-html-1.0.3.tgz 0ms (cache hit)
524 http cache encodeurl@https://registry.npmjs.org/encodeurl/-/encodeurl-2.0.0.tgz 0ms (cache hit)
525 http cache depd@https://registry.npmjs.org/depd/-/depd-2.0.0.tgz 0ms (cache hit)
526 http cache debug@https://registry.npmjs.org/debug/-/debug-4.4.3.tgz 0ms (cache hit)
527 http cache cookie-signature@https://registry.npmjs.org/cookie-signature/-/cookie-signature-1.2.2.tgz 0ms (cache hit)
528 http cache cookie@https://registry.npmjs.org/cookie/-/cookie-0.7.2.tgz 0ms (cache hit)
529 http cache content-type@https://registry.npmjs.org/content-type/-/content-type-1.0.5.tgz 0ms (cache hit)
530 http cache content-disposition@https://registry.npmjs.org/content-disposition/-/content-disposition-1.0.1.tgz 0ms (cache hit)
531 http cache body-parser@https://registry.npmjs.org/body-parser/-/body-parser-2.2.2.tgz 0ms (cache hit)
532 http cache accepts@https://registry.npmjs.org/accepts/-/accepts-2.0.0.tgz 0ms (cache hit)
533 http cache vary@https://registry.npmjs.org/vary/-/vary-1.1.2.tgz 0ms (cache hit)
534 http cache object-assign@https://registry.npmjs.org/object-assign/-/object-assign-4.1.1.tgz 0ms (cache hit)
535 http cache mongodb@https://registry.npmjs.org/mongodb/-/mongodb-7.1.1.tgz 0ms (cache hit)
536 http cache express@https://registry.npmjs.org/express/-/express-5.2.1.tgz 0ms (cache hit)
537 http cache cors@https://registry.npmjs.org/cors/-/cors-2.8.6.tgz 0ms (cache hit)
538 silly tarball no local data for punycode@https://registry.npmjs.org/punycode/-/punycode-2.3.1.tgz. Extracting by manifest.
539 silly tarball no local data for webidl-conversions@https://registry.npmjs.org/webidl-conversions/-/webidl-conversions-7.0.0.tgz. Extracting by manifest.
540 silly tarball no local data for tr46@https://registry.npmjs.org/tr46/-/tr46-5.1.1.tgz. Extracting by manifest.
541 silly tarball no local data for media-typer@https://registry.npmjs.org/media-typer/-/media-typer-1.1.0.tgz. Extracting by manifest.
542 silly tarball no local data for memory-pager@https://registry.npmjs.org/memory-pager/-/memory-pager-1.5.0.tgz. Extracting by manifest.
543 silly tarball no local data for dunder-proto@https://registry.npmjs.org/dunder-proto/-/dunder-proto-1.0.1.tgz. Extracting by manifest.
544 silly tarball no local data for math-intrinsics@https://registry.npmjs.org/math-intrinsics/-/math-intrinsics-1.1.0.tgz. Extracting by manifest.
545 silly tarball no local data for hasown@https://registry.npmjs.org/hasown/-/hasown-2.0.2.tgz. Extracting by manifest.
546 silly tarball no local data for has-symbols@https://registry.npmjs.org/has-symbols/-/has-symbols-1.1.0.tgz. Extracting by manifest.
547 silly tarball no local data for gopd@https://registry.npmjs.org/gopd/-/gopd-1.2.0.tgz. Extracting by manifest.
548 silly tarball no local data for get-proto@https://registry.npmjs.org/get-proto/-/get-proto-1.0.1.tgz. Extracting by manifest.
549 silly tarball no local data for es-define-property@https://registry.npmjs.org/es-define-property/-/es-define-property-1.0.1.tgz. Extracting by manifest.
550 silly tarball no local data for es-object-atoms@https://registry.npmjs.org/es-object-atoms/-/es-object-atoms-1.1.1.tgz. Extracting by manifest.
551 silly tarball no local data for function-bind@https://registry.npmjs.org/function-bind/-/function-bind-1.1.2.tgz. Extracting by manifest.
552 silly tarball no local data for call-bind-apply-helpers@https://registry.npmjs.org/call-bind-apply-helpers/-/call-bind-apply-helpers-1.0.2.tgz. Extracting by manifest.
553 silly tarball no local data for get-intrinsic@https://registry.npmjs.org/get-intrinsic/-/get-intrinsic-1.3.0.tgz. Extracting by manifest.
554 silly tarball no local data for call-bound@https://registry.npmjs.org/call-bound/-/call-bound-1.0.4.tgz. Extracting by manifest.
555 silly tarball no local data for side-channel-weakmap@https://registry.npmjs.org/side-channel-weakmap/-/side-channel-weakmap-1.0.2.tgz. Extracting by manifest.
556 silly tarball no local data for side-channel-map@https://registry.npmjs.org/side-channel-map/-/side-channel-map-1.0.1.tgz. Extracting by manifest.
557 silly tarball no local data for side-channel-list@https://registry.npmjs.org/side-channel-list/-/side-channel-list-1.0.0.tgz. Extracting by manifest.
558 silly tarball no local data for object-inspect@https://registry.npmjs.org/object-inspect/-/object-inspect-1.13.4.tgz. Extracting by manifest.
559 silly tarball no local data for es-errors@https://registry.npmjs.org/es-errors/-/es-errors-1.3.0.tgz. Extracting by manifest.
560 silly tarball no local data for path-to-regexp@https://registry.npmjs.org/path-to-regexp/-/path-to-regexp-8.4.2.tgz. Extracting by manifest.
561 silly tarball no local data for is-promise@https://registry.npmjs.org/is-promise/-/is-promise-4.0.0.tgz. Extracting by manifest.
562 silly tarball no local data for unpipe@https://registry.npmjs.org/unpipe/-/unpipe-1.0.0.tgz. Extracting by manifest.
563 silly tarball no local data for side-channel@https://registry.npmjs.org/side-channel/-/side-channel-1.1.0.tgz. Extracting by manifest.
564 silly tarball no local data for ipaddr.js@https://registry.npmjs.org/ipaddr.js/-/ipaddr.js-1.9.1.tgz. Extracting by manifest.
565 silly tarball no local data for forwarded@https://registry.npmjs.org/forwarded/-/forwarded-0.2.0.tgz. Extracting by manifest.
566 silly tarball no local data for @types/webidl-conversions@https://registry.npmjs.org/@types/webidl-conversions/-/webidl-conversions-7.0.3.tgz. Extracting by manifest.
567 silly tarball no local data for whatwg-url@https://registry.npmjs.org/whatwg-url/-/whatwg-url-14.2.0.tgz. Extracting by manifest.
568 silly tarball no local data for ee-first@https://registry.npmjs.org/ee-first/-/ee-first-1.1.1.tgz. Extracting by manifest.
569 silly tarball no local data for wrappy@https://registry.npmjs.org/wrappy/-/wrappy-1.0.2.tgz. Extracting by manifest.
570 silly tarball no local data for @types/whatwg-url@https://registry.npmjs.org/@types/whatwg-url/-/whatwg-url-13.0.0.tgz. Extracting by manifest.
571 silly tarball no local data for sparse-bitfield@https://registry.npmjs.org/sparse-bitfield/-/sparse-bitfield-3.0.3.tgz. Extracting by manifest.
572 silly tarball no local data for bson@https://registry.npmjs.org/bson/-/bson-7.2.0.tgz. Extracting by manifest.
573 silly tarball no local data for @mongodb-js/saslprep@https://registry.npmjs.org/@mongodb-js/saslprep/-/saslprep-1.4.6.tgz. Extracting by manifest.
574 silly tarball no local data for mongodb-connection-string-url@https://registry.npmjs.org/mongodb-connection-string-url/-/mongodb-connection-string-url-7.0.1.tgz. Extracting by manifest.
575 silly tarball no local data for mime-db@https://registry.npmjs.org/mime-db/-/mime-db-1.54.0.tgz. Extracting by manifest.
576 silly tarball no local data for safer-buffer@https://registry.npmjs.org/safer-buffer/-/safer-buffer-2.1.2.tgz. Extracting by manifest.
577 silly tarball no local data for toidentifier@https://registry.npmjs.org/toidentifier/-/toidentifier-1.0.1.tgz. Extracting by manifest.
578 silly tarball no local data for setprototypeof@https://registry.npmjs.org/setprototypeof/-/setprototypeof-1.2.0.tgz. Extracting by manifest.
579 silly tarball no local data for inherits@https://registry.npmjs.org/inherits/-/inherits-2.0.4.tgz. Extracting by manifest.
580 silly tarball no local data for ms@https://registry.npmjs.org/ms/-/ms-2.1.3.tgz. Extracting by manifest.
581 silly tarball no local data for raw-body@https://registry.npmjs.org/raw-body/-/raw-body-3.0.2.tgz. Extracting by manifest.
582 silly tarball no local data for iconv-lite@https://registry.npmjs.org/iconv-lite/-/iconv-lite-0.7.2.tgz. Extracting by manifest.
583 silly tarball no local data for bytes@https://registry.npmjs.org/bytes/-/bytes-3.1.2.tgz. Extracting by manifest.
584 silly tarball no local data for negotiator@https://registry.npmjs.org/negotiator/-/negotiator-1.0.0.tgz. Extracting by manifest.
585 silly tarball no local data for type-is@https://registry.npmjs.org/type-is/-/type-is-2.0.1.tgz. Extracting by manifest.
586 silly tarball no local data for statuses@https://registry.npmjs.org/statuses/-/statuses-2.0.2.tgz. Extracting by manifest.
587 silly tarball no local data for serve-static@https://registry.npmjs.org/serve-static/-/serve-static-2.2.1.tgz. Extracting by manifest.
588 silly tarball no local data for send@https://registry.npmjs.org/send/-/send-1.2.1.tgz. Extracting by manifest.
589 silly tarball no local data for router@https://registry.npmjs.org/router/-/router-2.2.0.tgz. Extracting by manifest.
590 silly tarball no local data for range-parser@https://registry.npmjs.org/range-parser/-/range-parser-1.2.1.tgz. Extracting by manifest.
591 silly tarball no local data for qs@https://registry.npmjs.org/qs/-/qs-6.15.0.tgz. Extracting by manifest.
592 silly tarball no local data for proxy-addr@https://registry.npmjs.org/proxy-addr/-/proxy-addr-2.0.7.tgz. Extracting by manifest.
593 silly tarball no local data for parseurl@https://registry.npmjs.org/parseurl/-/parseurl-1.3.3.tgz. Extracting by manifest.
594 silly tarball no local data for once@https://registry.npmjs.org/once/-/once-1.4.0.tgz. Extracting by manifest.
595 silly tarball no local data for on-finished@https://registry.npmjs.org/on-finished/-/on-finished-2.4.1.tgz. Extracting by manifest.
596 silly tarball no local data for mime-types@https://registry.npmjs.org/mime-types/-/mime-types-3.0.2.tgz. Extracting by manifest.
597 silly tarball no local data for merge-descriptors@https://registry.npmjs.org/merge-descriptors/-/merge-descriptors-2.0.0.tgz. Extracting by manifest.
598 silly tarball no local data for http-errors@https://registry.npmjs.org/http-errors/-/http-errors-2.0.1.tgz. Extracting by manifest.
599 silly tarball no local data for fresh@https://registry.npmjs.org/fresh/-/fresh-2.0.0.tgz. Extracting by manifest.
600 silly tarball no local data for finalhandler@https://registry.npmjs.org/finalhandler/-/finalhandler-2.1.1.tgz. Extracting by manifest.
601 silly tarball no local data for etag@https://registry.npmjs.org/etag/-/etag-1.8.1.tgz. Extracting by manifest.
602 silly tarball no local data for escape-html@https://registry.npmjs.org/escape-html/-/escape-html-1.0.3.tgz. Extracting by manifest.
603 silly tarball no local data for encodeurl@https://registry.npmjs.org/encodeurl/-/encodeurl-2.0.0.tgz. Extracting by manifest.
604 silly tarball no local data for depd@https://registry.npmjs.org/depd/-/depd-2.0.0.tgz. Extracting by manifest.
605 silly tarball no local data for debug@https://registry.npmjs.org/debug/-/debug-4.4.3.tgz. Extracting by manifest.
606 silly tarball no local data for cookie-signature@https://registry.npmjs.org/cookie-signature/-/cookie-signature-1.2.2.tgz. Extracting by manifest.
607 silly tarball no local data for cookie@https://registry.npmjs.org/cookie/-/cookie-0.7.2.tgz. Extracting by manifest.
608 silly tarball no local data for content-type@https://registry.npmjs.org/content-type/-/content-type-1.0.5.tgz. Extracting by manifest.
609 silly tarball no local data for content-disposition@https://registry.npmjs.org/content-disposition/-/content-disposition-1.0.1.tgz. Extracting by manifest.
610 silly tarball no local data for body-parser@https://registry.npmjs.org/body-parser/-/body-parser-2.2.2.tgz. Extracting by manifest.
611 silly tarball no local data for accepts@https://registry.npmjs.org/accepts/-/accepts-2.0.0.tgz. Extracting by manifest.
612 silly tarball no local data for mongodb@https://registry.npmjs.org/mongodb/-/mongodb-7.1.1.tgz. Extracting by manifest.
613 silly tarball no local data for express@https://registry.npmjs.org/express/-/express-5.2.1.tgz. Extracting by manifest.
614 http fetch POST 200 https://registry.npmjs.org/-/npm/v1/security/advisories/bulk 304ms
615 silly audit report {}
616 http fetch GET 200 https://registry.npmjs.org/call-bind-apply-helpers/-/call-bind-apply-helpers-1.0.2.tgz 1017ms (cache miss)
617 http fetch GET 200 https://registry.npmjs.org/media-typer/-/media-typer-1.1.0.tgz 1066ms (cache miss)
618 http fetch GET 200 https://registry.npmjs.org/forwarded/-/forwarded-0.2.0.tgz 1047ms (cache miss)
619 http fetch GET 200 https://registry.npmjs.org/punycode/-/punycode-2.3.1.tgz 1087ms (cache miss)
620 http fetch GET 200 https://registry.npmjs.org/get-intrinsic/-/get-intrinsic-1.3.0.tgz 1076ms (cache miss)
621 http fetch GET 200 https://registry.npmjs.org/webidl-conversions/-/webidl-conversions-7.0.0.tgz 1179ms (cache miss)
622 http fetch GET 200 https://registry.npmjs.org/hasown/-/hasown-2.0.2.tgz 1181ms (cache miss)
623 http fetch GET 200 https://registry.npmjs.org/unpipe/-/unpipe-1.0.0.tgz 1173ms (cache miss)
624 http fetch GET 200 https://registry.npmjs.org/is-promise/-/is-promise-4.0.0.tgz 1176ms (cache miss)
625 http fetch GET 200 https://registry.npmjs.org/memory-pager/-/memory-pager-1.5.0.tgz 1202ms (cache miss)
626 http fetch GET 200 https://registry.npmjs.org/get-proto/-/get-proto-1.0.1.tgz 1199ms (cache miss)
627 http fetch GET 200 https://registry.npmjs.org/wrappy/-/wrappy-1.0.2.tgz 1183ms (cache miss)
628 http fetch GET 200 https://registry.npmjs.org/side-channel-weakmap/-/side-channel-weakmap-1.0.2.tgz 1208ms (cache miss)
629 http fetch GET 200 https://registry.npmjs.org/side-channel-map/-/side-channel-map-1.0.1.tgz 1208ms (cache miss)
630 http fetch GET 200 https://registry.npmjs.org/es-define-property/-/es-define-property-1.0.1.tgz 1214ms (cache miss)
631 http fetch GET 200 https://registry.npmjs.org/@types/webidl-conversions/-/webidl-conversions-7.0.3.tgz 1203ms (cache miss)
632 http fetch GET 200 https://registry.npmjs.org/sparse-bitfield/-/sparse-bitfield-3.0.3.tgz 1199ms (cache miss)
633 http fetch GET 200 https://registry.npmjs.org/setprototypeof/-/setprototypeof-1.2.0.tgz 1194ms (cache miss)
634 http fetch GET 200 https://registry.npmjs.org/merge-descriptors/-/merge-descriptors-2.0.0.tgz 1182ms (cache miss)
635 http fetch GET 200 https://registry.npmjs.org/inherits/-/inherits-2.0.4.tgz 1206ms (cache miss)
636 http fetch GET 200 https://registry.npmjs.org/toidentifier/-/toidentifier-1.0.1.tgz 1208ms (cache miss)
637 http fetch GET 200 https://registry.npmjs.org/http-errors/-/http-errors-2.0.1.tgz 1193ms (cache miss)
638 http fetch GET 200 https://registry.npmjs.org/es-object-atoms/-/es-object-atoms-1.1.1.tgz 1245ms (cache miss)
639 http fetch GET 200 https://registry.npmjs.org/bytes/-/bytes-3.1.2.tgz 1223ms (cache miss)
640 http fetch GET 200 https://registry.npmjs.org/statuses/-/statuses-2.0.2.tgz 1223ms (cache miss)
641 http fetch GET 200 https://registry.npmjs.org/serve-static/-/serve-static-2.2.1.tgz 1224ms (cache miss)
642 http fetch GET 200 https://registry.npmjs.org/once/-/once-1.4.0.tgz 1221ms (cache miss)
643 http fetch GET 200 https://registry.npmjs.org/cookie-signature/-/cookie-signature-1.2.2.tgz 1216ms (cache miss)
644 http fetch GET 200 https://registry.npmjs.org/ee-first/-/ee-first-1.1.1.tgz 1251ms (cache miss)
645 http fetch GET 200 https://registry.npmjs.org/ms/-/ms-2.1.3.tgz 1240ms (cache miss)
646 http fetch GET 200 https://registry.npmjs.org/finalhandler/-/finalhandler-2.1.1.tgz 1229ms (cache miss)
647 http fetch GET 200 https://registry.npmjs.org/side-channel-list/-/side-channel-list-1.0.0.tgz 1270ms (cache miss)
648 http fetch GET 200 https://registry.npmjs.org/range-parser/-/range-parser-1.2.1.tgz 1245ms (cache miss)
649 http fetch GET 200 https://registry.npmjs.org/parseurl/-/parseurl-1.3.3.tgz 1245ms (cache miss)
650 http fetch GET 200 https://registry.npmjs.org/encodeurl/-/encodeurl-2.0.0.tgz 1239ms (cache miss)
651 http fetch GET 200 https://registry.npmjs.org/depd/-/depd-2.0.0.tgz 1240ms (cache miss)
652 http fetch GET 200 https://registry.npmjs.org/escape-html/-/escape-html-1.0.3.tgz 1244ms (cache miss)
653 http fetch GET 200 https://registry.npmjs.org/@types/whatwg-url/-/whatwg-url-13.0.0.tgz 1277ms (cache miss)
654 http fetch GET 200 https://registry.npmjs.org/type-is/-/type-is-2.0.1.tgz 1264ms (cache miss)
655 http fetch GET 200 https://registry.npmjs.org/router/-/router-2.2.0.tgz 1262ms (cache miss)
656 http fetch GET 200 https://registry.npmjs.org/on-finished/-/on-finished-2.4.1.tgz 1260ms (cache miss)
657 http fetch GET 200 https://registry.npmjs.org/content-type/-/content-type-1.0.5.tgz 1250ms (cache miss)
658 http fetch GET 200 https://registry.npmjs.org/content-disposition/-/content-disposition-1.0.1.tgz 1250ms (cache miss)
659 http fetch GET 200 https://registry.npmjs.org/accepts/-/accepts-2.0.0.tgz 1248ms (cache miss)
660 http fetch GET 200 https://registry.npmjs.org/gopd/-/gopd-1.2.0.tgz 1303ms (cache miss)
661 http fetch GET 200 https://registry.npmjs.org/raw-body/-/raw-body-3.0.2.tgz 1275ms (cache miss)
662 http fetch GET 200 https://registry.npmjs.org/call-bound/-/call-bound-1.0.4.tgz 1305ms (cache miss)
663 http fetch GET 200 https://registry.npmjs.org/proxy-addr/-/proxy-addr-2.0.7.tgz 1277ms (cache miss)
664 http fetch GET 200 https://registry.npmjs.org/etag/-/etag-1.8.1.tgz 1271ms (cache miss)
665 http fetch GET 200 https://registry.npmjs.org/es-errors/-/es-errors-1.3.0.tgz 1311ms (cache miss)
666 http fetch GET 200 https://registry.npmjs.org/side-channel/-/side-channel-1.1.0.tgz 1307ms (cache miss)
667 http fetch GET 200 https://registry.npmjs.org/send/-/send-1.2.1.tgz 1288ms (cache miss)
668 http fetch GET 200 https://registry.npmjs.org/fresh/-/fresh-2.0.0.tgz 1281ms (cache miss)
669 http fetch GET 200 https://registry.npmjs.org/mime-types/-/mime-types-3.0.2.tgz 1284ms (cache miss)
670 http fetch GET 200 https://registry.npmjs.org/ipaddr.js/-/ipaddr.js-1.9.1.tgz 1317ms (cache miss)
671 http fetch GET 200 https://registry.npmjs.org/safer-buffer/-/safer-buffer-2.1.2.tgz 1309ms (cache miss)
672 http fetch GET 200 https://registry.npmjs.org/cookie/-/cookie-0.7.2.tgz 1287ms (cache miss)
673 http fetch GET 200 https://registry.npmjs.org/dunder-proto/-/dunder-proto-1.0.1.tgz 1345ms (cache miss)
674 http fetch GET 200 https://registry.npmjs.org/function-bind/-/function-bind-1.1.2.tgz 1339ms (cache miss)
675 http fetch GET 200 https://registry.npmjs.org/path-to-regexp/-/path-to-regexp-8.4.2.tgz 1352ms (cache miss)
676 http fetch GET 200 https://registry.npmjs.org/negotiator/-/negotiator-1.0.0.tgz 1332ms (cache miss)
677 http fetch GET 200 https://registry.npmjs.org/has-symbols/-/has-symbols-1.1.0.tgz 1370ms (cache miss)
678 http fetch GET 200 https://registry.npmjs.org/mongodb-connection-string-url/-/mongodb-connection-string-url-7.0.1.tgz 1348ms (cache miss)
679 http fetch GET 200 https://registry.npmjs.org/mime-db/-/mime-db-1.54.0.tgz 1355ms (cache miss)
680 http fetch GET 200 https://registry.npmjs.org/debug/-/debug-4.4.3.tgz 1343ms (cache miss)
681 http fetch GET 200 https://registry.npmjs.org/express/-/express-5.2.1.tgz 1359ms (cache miss)
682 http fetch GET 200 https://registry.npmjs.org/body-parser/-/body-parser-2.2.2.tgz 1370ms (cache miss)
683 http fetch GET 200 https://registry.npmjs.org/math-intrinsics/-/math-intrinsics-1.1.0.tgz 1431ms (cache miss)
684 http fetch GET 200 https://registry.npmjs.org/tr46/-/tr46-5.1.1.tgz 1446ms (cache miss)
685 http fetch GET 200 https://registry.npmjs.org/whatwg-url/-/whatwg-url-14.2.0.tgz 1433ms (cache miss)
686 http fetch GET 200 https://registry.npmjs.org/qs/-/qs-6.15.0.tgz 1428ms (cache miss)
687 http fetch GET 200 https://registry.npmjs.org/object-inspect/-/object-inspect-1.13.4.tgz 1482ms (cache miss)
688 http fetch GET 200 https://registry.npmjs.org/@mongodb-js/saslprep/-/saslprep-1.4.6.tgz 1506ms (cache miss)
689 http fetch GET 200 https://registry.npmjs.org/iconv-lite/-/iconv-lite-0.7.2.tgz 1504ms (cache miss)
690 http fetch GET 200 https://registry.npmjs.org/bson/-/bson-7.2.0.tgz 1565ms (cache miss)
691 http fetch GET 200 https://registry.npmjs.org/mongodb/-/mongodb-7.1.1.tgz 1750ms (cache miss)
692 silly ADD node_modules/punycode
693 silly ADD node_modules/webidl-conversions
694 silly ADD node_modules/tr46
695 silly ADD node_modules/media-typer
696 silly ADD node_modules/memory-pager
697 silly ADD node_modules/dunder-proto
698 silly ADD node_modules/math-intrinsics
699 silly ADD node_modules/hasown
700 silly ADD node_modules/has-symbols
701 silly ADD node_modules/gopd
702 silly ADD node_modules/get-proto
703 silly ADD node_modules/es-object-atoms
704 silly ADD node_modules/es-define-property
705 silly ADD node_modules/function-bind
706 silly ADD node_modules/call-bind-apply-helpers
707 silly ADD node_modules/get-intrinsic
708 silly ADD node_modules/call-bound
709 silly ADD node_modules/side-channel-weakmap
710 silly ADD node_modules/side-channel-map
711 silly ADD node_modules/side-channel-list
712 silly ADD node_modules/object-inspect
713 silly ADD node_modules/es-errors
714 silly ADD node_modules/path-to-regexp
715 silly ADD node_modules/is-promise
716 silly ADD node_modules/unpipe
717 silly ADD node_modules/side-channel
718 silly ADD node_modules/ipaddr.js
719 silly ADD node_modules/forwarded
720 silly ADD node_modules/wrappy
721 silly ADD node_modules/ee-first
722 silly ADD node_modules/@types/webidl-conversions
723 silly ADD node_modules/whatwg-url
724 silly ADD node_modules/@types/whatwg-url
725 silly ADD node_modules/sparse-bitfield
726 silly ADD node_modules/mongodb-connection-string-url
727 silly ADD node_modules/bson
728 silly ADD node_modules/@mongodb-js/saslprep
729 silly ADD node_modules/mime-db
730 silly ADD node_modules/safer-buffer
731 silly ADD node_modules/toidentifier
732 silly ADD node_modules/setprototypeof
733 silly ADD node_modules/inherits
734 silly ADD node_modules/ms
735 silly ADD node_modules/raw-body
736 silly ADD node_modules/iconv-lite
737 silly ADD node_modules/bytes
738 silly ADD node_modules/negotiator
739 silly ADD node_modules/type-is
740 silly ADD node_modules/statuses
741 silly ADD node_modules/serve-static
742 silly ADD node_modules/send
743 silly ADD node_modules/router
744 silly ADD node_modules/range-parser
745 silly ADD node_modules/qs
746 silly ADD node_modules/proxy-addr
747 silly ADD node_modules/parseurl
748 silly ADD node_modules/once
749 silly ADD node_modules/on-finished
750 silly ADD node_modules/mime-types
751 silly ADD node_modules/merge-descriptors
752 silly ADD node_modules/http-errors
753 silly ADD node_modules/fresh
754 silly ADD node_modules/finalhandler
755 silly ADD node_modules/etag
756 silly ADD node_modules/escape-html
757 silly ADD node_modules/encodeurl
758 silly ADD node_modules/depd
759 silly ADD node_modules/debug
760 silly ADD node_modules/cookie-signature
761 silly ADD node_modules/cookie
762 silly ADD node_modules/content-type
763 silly ADD node_modules/content-disposition
764 silly ADD node_modules/body-parser
765 silly ADD node_modules/accepts
766 silly ADD node_modules/vary
767 silly ADD node_modules/object-assign
768 silly ADD node_modules/mongodb
769 silly ADD node_modules/express
770 silly ADD node_modules/cors
771 verbose cwd /root/backend
772 verbose os Linux 6.8.0-71-generic
773 verbose node v24.14.1
774 verbose npm  v11.11.0
775 verbose exit 0
776 info ok
