0 verbose cli /usr/local/bin/node /usr/local/bin/npm
1 info using npm@11.11.0
2 info using node@v24.14.1
3 silly config load:file:/usr/local/lib/node_modules/npm/npmrc
4 silly config load:file:/root/backend/.npmrc
5 silly config load:file:/root/.npmrc
6 silly config load:file:/usr/local/etc/npmrc
7 verbose title npm run dev
8 verbose argv "run" "dev"
9 verbose logfile logs-max:10 dir:/root/.npm/_logs/2026-04-07T18_38_36_035Z-
10 verbose logfile /root/.npm/_logs/2026-04-07T18_38_36_035Z-debug-0.log
11 silly logfile done cleaning log files
12 verbose stack JSONParseError: Invalid package.json: JSONParseError: Expected ',' or '}' after property value in JSON at position 354 (line 19 column 3) while parsing near "...b\": \"^7.1.1\"\n  }\n\n  \"scripts\": {\n    \"te..."
12 verbose stack     at parse (/usr/local/lib/node_modules/npm/node_modules/@npmcli/package-json/lib/read-package.js:19:21)
12 verbose stack     at PackageJson.fromJSON (/usr/local/lib/node_modules/npm/node_modules/@npmcli/package-json/lib/index.js:162:22)
12 verbose stack     at PackageJson.load (/usr/local/lib/node_modules/npm/node_modules/@npmcli/package-json/lib/index.js:157:17)
12 verbose stack     at async PackageJson.normalize (/usr/local/lib/node_modules/npm/node_modules/@npmcli/package-json/lib/index.js:117:5)
12 verbose stack     at async #run (/usr/local/lib/node_modules/npm/lib/commands/run.js:90:13)
12 verbose stack     at async RunScript.exec (/usr/local/lib/node_modules/npm/lib/commands/run.js:44:7)
12 verbose stack     at async Npm.exec (/usr/local/lib/node_modules/npm/lib/npm.js:209:9)
12 verbose stack     at async module.exports (/usr/local/lib/node_modules/npm/lib/cli/entry.js:67:5)
13 error code EJSONPARSE
14 error JSON.parse Invalid package.json: JSONParseError: Expected ',' or '}' after property value in JSON at position 354 (line 19 column 3) while parsing near "...b\": \"^7.1.1\"\n  }\n\n  \"scripts\": {\n    \"te..."
15 error JSON.parse Failed to parse JSON data.
15 error JSON.parse Note: package.json must be actual JSON, not just JavaScript.
16 verbose cwd /root/backend
17 verbose os Linux 6.8.0-71-generic
18 verbose node v24.14.1
19 verbose npm  v11.11.0
20 verbose exit 1
21 verbose code 1
22 error A complete log of this run can be found in: /root/.npm/_logs/2026-04-07T18_38_36_035Z-debug-0.log
